# JRE version: OpenJDK Runtime Environment Temurin-21.0.10+7 (21.0.10+7) (build 21.0.10+7-LTS)
# Java VM: OpenJDK 64-Bit Server VM Temurin-21.0.10+7 (21.0.10+7-LTS, mixed mode, sharing, tiered, compressed oops, compressed class ptrs, g1 gc, windows-amd64)
GC Precious Log:
 CardTable entry size: 512
 Card Set container configuration: InlinePtr #cards 5 size 8 Array Of Cards #cards 12 size 40 Howl #buckets 4 coarsen threshold 1843 Howl Bitmap #cards 512 size 80 coarsen threshold 460 Card regions per heap region 1 cards per card region 2048
 CPUs: 8 total, 8 available
 Memory: 7926M
 Large Page Support: Disabled
 NUMA Support: Disabled
 Compressed Oops: Enabled (32-bit)
 Heap Region Size: 1M
 Heap Min Capacity: 8M
 Heap Initial Capacity: 124M
 Heap Max Capacity: 1982M
 Pre-touch: Disabled
 Parallel Workers: 8
 Concurrent Workers: 2
 Concurrent Refinement Workers: 8
 Periodic GC: Disabled
Heap:
 garbage-first heap   total 71680K, used 53536K [0x0000000084200000, 0x0000000100000000)
  region size 1024K, 27 young (27648K), 3 survivors (3072K)
 Metaspace       used 79477K, committed 80192K, reserved 1179648K
  class space    used 11071K, committed 11392K, reserved 1048576K
GC Heap History (20 events):
Event: 1.370 GC heap before
{Heap before GC invocations=1 (full 0):
 garbage-first heap   total 126976K, used 35392K [0x0000000084200000, 0x0000000100000000)
  region size 1024K, 31 young (31744K), 3 survivors (3072K)
 Metaspace       used 14447K, committed 14784K, reserved 1114112K
  class space    used 1828K, committed 1984K, reserved 1048576K
}
Event: 1.376 GC heap after
{Heap after GC invocations=2 (full 0):
 garbage-first heap   total 126976K, used 10652K [0x0000000084200000, 0x0000000100000000)
  region size 1024K, 3 young (3072K), 3 survivors (3072K)
 Metaspace       used 14447K, committed 14784K, reserved 1114112K
  class space    used 1828K, committed 1984K, reserved 1048576K
}
Event: 2.356 GC heap before
{Heap before GC invocations=2 (full 0):
 garbage-first heap   total 126976K, used 43420K [0x0000000084200000, 0x0000000100000000)
  region size 1024K, 37 young (37888K), 3 survivors (3072K)
 Metaspace       used 21139K, committed 21504K, reserved 1114112K
  class space    used 2629K, committed 2816K, reserved 1048576K
}
Event: 2.366 GC heap after
{Heap after GC invocations=3 (full 0):
 garbage-first heap   total 126976K, used 14118K [0x0000000084200000, 0x0000000100000000)
  region size 1024K, 6 young (6144K), 6 survivors (6144K)
 Metaspace       used 21139K, committed 21504K, reserved 1114112K
  class space    used 2629K, committed 2816K, reserved 1048576K
}
Event: 3.394 GC heap before
{Heap before GC invocations=4 (full 0):
 garbage-first heap   total 48128K, used 47910K [0x0000000084200000, 0x0000000100000000)
  region size 1024K, 39 young (39936K), 6 survivors (6144K)
 Metaspace       used 28216K, committed 28672K, reserved 1114112K
  class space    used 3621K, committed 3840K, reserved 1048576K
}
Event: 3.411 GC heap after
{Heap after GC invocations=5 (full 0):
 garbage-first heap   total 58368K, used 17532K [0x0000000084200000, 0x0000000100000000)
  region size 1024K, 7 young (7168K), 7 survivors (7168K)
 Metaspace       used 28216K, committed 28672K, reserved 1114112K
  class space    used 3621K, committed 3840K, reserved 1048576K
}
Event: 4.112 GC heap before
{Heap before GC invocations=5 (full 0):
 garbage-first heap   total 58368K, used 43132K [0x0000000084200000, 0x0000000100000000)
  region size 1024K, 34 young (34816K), 7 survivors (7168K)
 Metaspace       used 35626K, committed 36096K, reserved 1114112K
  class space    used 4465K, committed 4672K, reserved 1048576K
}
Event: 4.120 GC heap after
{Heap after GC invocations=6 (full 0):
 garbage-first heap   total 58368K, used 19768K [0x0000000084200000, 0x0000000100000000)
  region size 1024K, 3 young (3072K), 3 survivors (3072K)
 Metaspace       used 35626K, committed 36096K, reserved 1114112K
  class space    used 4465K, committed 4672K, reserved 1048576K
}
Event: 4.150 GC heap before
{Heap before GC invocations=6 (full 0):
 garbage-first heap   total 58368K, used 20792K [0x0000000084200000, 0x0000000100000000)
  region size 1024K, 5 young (5120K), 3 survivors (3072K)
 Metaspace       used 35919K, committed 36416K, reserved 1114112K
  class space    used 4496K, committed 4736K, reserved 1048576K
}
Event: 4.154 GC heap after
{Heap after GC invocations=7 (full 0):
 garbage-first heap   total 70656K, used 20295K [0x0000000084200000, 0x0000000100000000)
  region size 1024K, 1 young (1024K), 1 survivors (1024K)
 Metaspace       used 35919K, committed 36416K, reserved 1114112K
  class space    used 4496K, committed 4736K, reserved 1048576K
}
Event: 5.328 GC heap before
{Heap before GC invocations=8 (full 0):
 garbage-first heap   total 70656K, used 58183K [0x0000000084200000, 0x0000000100000000)
  region size 1024K, 39 young (39936K), 1 survivors (1024K)
 Metaspace       used 45539K, committed 46080K, reserved 1114112K
  class space    used 6189K, committed 6400K, reserved 1048576K
}
Event: 5.331 GC heap after
{Heap after GC invocations=9 (full 0):
 garbage-first heap   total 70656K, used 22509K [0x0000000084200000, 0x0000000100000000)
  region size 1024K, 3 young (3072K), 3 survivors (3072K)
 Metaspace       used 45539K, committed 46080K, reserved 1114112K
  class space    used 6189K, committed 6400K, reserved 1048576K
}
Event: 6.142 GC heap before
{Heap before GC invocations=9 (full 0):
 garbage-first heap   total 70656K, used 58349K [0x0000000084200000, 0x0000000100000000)
  region size 1024K, 39 young (39936K), 3 survivors (3072K)
 Metaspace       used 56848K, committed 57472K, reserved 1114112K
  class space    used 7828K, committed 8128K, reserved 1048576K
}
Event: 6.148 GC heap after
{Heap after GC invocations=10 (full 0):
 garbage-first heap   total 70656K, used 24013K [0x0000000084200000, 0x0000000100000000)
  region size 1024K, 2 young (2048K), 2 survivors (2048K)
 Metaspace       used 56848K, committed 57472K, reserved 1114112K
  class space    used 7828K, committed 8128K, reserved 1048576K
}
Event: 6.378 GC heap before
{Heap before GC invocations=10 (full 0):
 garbage-first heap   total 70656K, used 35277K [0x0000000084200000, 0x0000000100000000)
  region size 1024K, 14 young (14336K), 2 survivors (2048K)
 Metaspace       used 60144K, committed 60800K, reserved 1114112K
  class space    used 8319K, committed 8640K, reserved 1048576K
}
Event: 6.382 GC heap after
{Heap after GC invocations=11 (full 0):
 garbage-first heap   total 70656K, used 24422K [0x0000000084200000, 0x0000000100000000)
  region size 1024K, 3 young (3072K), 3 survivors (3072K)
 Metaspace       used 60144K, committed 60800K, reserved 1114112K
  class space    used 8319K, committed 8640K, reserved 1048576K
}
Event: 7.346 GC heap before
{Heap before GC invocations=12 (full 0):
 garbage-first heap   total 70656K, used 62310K [0x0000000084200000, 0x0000000100000000)
  region size 1024K, 40 young (40960K), 3 survivors (3072K)
 Metaspace       used 66430K, committed 67136K, reserved 1114112K
  class space    used 9208K, committed 9536K, reserved 1048576K
}
Event: 7.352 GC heap after
{Heap after GC invocations=13 (full 0):
 garbage-first heap   total 70656K, used 28126K [0x0000000084200000, 0x0000000100000000)
  region size 1024K, 5 young (5120K), 5 survivors (5120K)
 Metaspace       used 66430K, committed 67136K, reserved 1114112K
  class space    used 9208K, committed 9536K, reserved 1048576K
}
Event: 353.315 GC heap before
{Heap before GC invocations=13 (full 0):
 garbage-first heap   total 70656K, used 60894K [0x0000000084200000, 0x0000000100000000)
  region size 1024K, 38 young (38912K), 5 survivors (5120K)
 Metaspace       used 74474K, committed 75200K, reserved 1114112K
  class space    used 10434K, committed 10752K, reserved 1048576K
}
Event: 353.326 GC heap after
{Heap after GC invocations=14 (full 0):
 garbage-first heap   total 71680K, used 31008K [0x0000000084200000, 0x0000000100000000)
  region size 1024K, 3 young (3072K), 3 survivors (3072K)
 Metaspace       used 74474K, committed 75200K, reserved 1114112K
  class space    used 10434K, committed 10752K, reserved 1048576K
}

