# JRE version: OpenJDK Runtime Environment Temurin-21.0.10+7 (21.0.10+7) (build 21.0.10+7-LTS)
# Java VM: OpenJDK 64-Bit Server VM Temurin-21.0.10+7 (21.0.10+7-LTS, mixed mode, sharing, tiered, compressed oops, compressed class ptrs, g1 gc, windows-amd64)
GC Precious Log:
 CardTable entry size: 512
 Card Set container configuration: InlinePtr #cards 5 size 8 Array Of Cards #cards 12 size 40 Howl #buckets 4 coarsen threshold 1843 Howl Bitmap #cards 512 size 80 coarsen threshold 460 Card regions per heap region 1 cards per card region 2048
 CPUs: 8 total, 8 available
 Memory: 7926M
 Large Page Support: Disabled
 NUMA Support: Disabled
 Compressed Oops: Enabled (32-bit)
 Heap Region Size: 1M
 Heap Min Capacity: 8M
 Heap Initial Capacity: 124M
 Heap Max Capacity: 1982M
 Pre-touch: Disabled
 Parallel Workers: 8
 Concurrent Workers: 2
 Concurrent Refinement Workers: 8
 Periodic GC: Disabled
Heap:
 garbage-first heap   total 70656K, used 32201K [0x0000000084200000, 0x0000000100000000)
  region size 1024K, 12 young (12288K), 3 survivors (3072K)
 Metaspace       used 61094K, committed 61696K, reserved 1114112K
  class space    used 8503K, committed 8768K, reserved 1048576K
GC Heap History (18 events):
Event: 4.029 GC heap before
{Heap before GC invocations=0 (full 0):
 garbage-first heap   total 126976K, used 25600K [0x0000000084200000, 0x0000000100000000)
  region size 1024K, 23 young (23552K), 0 survivors (0K)
 Metaspace       used 7007K, committed 7168K, reserved 1114112K
  class space    used 840K, committed 896K, reserved 1048576K
}
Event: 4.037 GC heap after
{Heap after GC invocations=1 (full 0):
 garbage-first heap   total 126976K, used 7744K [0x0000000084200000, 0x0000000100000000)
  region size 1024K, 3 young (3072K), 3 survivors (3072K)
 Metaspace       used 7007K, committed 7168K, reserved 1114112K
  class space    used 840K, committed 896K, reserved 1048576K
}
Event: 5.574 GC heap before
{Heap before GC invocations=1 (full 0):
 garbage-first heap   total 126976K, used 35392K [0x0000000084200000, 0x0000000100000000)
  region size 1024K, 31 young (31744K), 3 survivors (3072K)
 Metaspace       used 14474K, committed 14848K, reserved 1114112K
  class space    used 1832K, committed 1984K, reserved 1048576K
}
Event: 5.581 GC heap after
{Heap after GC invocations=2 (full 0):
 garbage-first heap   total 126976K, used 10473K [0x0000000084200000, 0x0000000100000000)
  region size 1024K, 3 young (3072K), 3 survivors (3072K)
 Metaspace       used 14474K, committed 14848K, reserved 1114112K
  class space    used 1832K, committed 1984K, reserved 1048576K
}
Event: 9.470 GC heap before
{Heap before GC invocations=2 (full 0):
 garbage-first heap   total 126976K, used 45289K [0x0000000084200000, 0x0000000100000000)
  region size 1024K, 38 young (38912K), 3 survivors (3072K)
 Metaspace       used 21101K, committed 21504K, reserved 1114112K
  class space    used 2623K, committed 2816K, reserved 1048576K
}
Event: 9.477 GC heap after
{Heap after GC invocations=3 (full 0):
 garbage-first heap   total 126976K, used 13970K [0x0000000084200000, 0x0000000100000000)
  region size 1024K, 6 young (6144K), 6 survivors (6144K)
 Metaspace       used 21101K, committed 21504K, reserved 1114112K
  class space    used 2623K, committed 2816K, reserved 1048576K
}
Event: 10.544 GC heap before
{Heap before GC invocations=4 (full 0):
 garbage-first heap   total 48128K, used 47762K [0x0000000084200000, 0x0000000100000000)
  region size 1024K, 39 young (39936K), 6 survivors (6144K)
 Metaspace       used 27827K, committed 28352K, reserved 1114112K
  class space    used 3573K, committed 3776K, reserved 1048576K
}
Event: 10.563 GC heap after
{Heap after GC invocations=5 (full 0):
 garbage-first heap   total 58368K, used 17434K [0x0000000084200000, 0x0000000100000000)
  region size 1024K, 7 young (7168K), 7 survivors (7168K)
 Metaspace       used 27827K, committed 28352K, reserved 1114112K
  class space    used 3573K, committed 3776K, reserved 1048576K
}
Event: 11.353 GC heap before
{Heap before GC invocations=5 (full 0):
 garbage-first heap   total 58368K, used 44058K [0x0000000084200000, 0x0000000100000000)
  region size 1024K, 34 young (34816K), 7 survivors (7168K)
 Metaspace       used 35623K, committed 36096K, reserved 1114112K
  class space    used 4463K, committed 4672K, reserved 1048576K
}
Event: 11.361 GC heap after
{Heap after GC invocations=6 (full 0):
 garbage-first heap   total 58368K, used 19764K [0x0000000084200000, 0x0000000100000000)
  region size 1024K, 3 young (3072K), 3 survivors (3072K)
 Metaspace       used 35623K, committed 36096K, reserved 1114112K
  class space    used 4463K, committed 4672K, reserved 1048576K
}
Event: 11.388 GC heap before
{Heap before GC invocations=6 (full 0):
 garbage-first heap   total 58368K, used 20788K [0x0000000084200000, 0x0000000100000000)
  region size 1024K, 5 young (5120K), 3 survivors (3072K)
 Metaspace       used 35911K, committed 36416K, reserved 1114112K
  class space    used 4494K, committed 4736K, reserved 1048576K
}
Event: 11.391 GC heap after
{Heap after GC invocations=7 (full 0):
 garbage-first heap   total 58368K, used 20023K [0x0000000084200000, 0x0000000100000000)
  region size 1024K, 1 young (1024K), 1 survivors (1024K)
 Metaspace       used 35911K, committed 36416K, reserved 1114112K
  class space    used 4494K, committed 4736K, reserved 1048576K
}
Event: 12.161 GC heap before
{Heap before GC invocations=8 (full 0):
 garbage-first heap   total 58368K, used 47671K [0x0000000084200000, 0x0000000100000000)
  region size 1024K, 29 young (29696K), 1 survivors (1024K)
 Metaspace       used 42743K, committed 43264K, reserved 1114112K
  class space    used 5752K, committed 5952K, reserved 1048576K
}
Event: 12.164 GC heap after
{Heap after GC invocations=9 (full 0):
 garbage-first heap   total 70656K, used 21651K [0x0000000084200000, 0x0000000100000000)
  region size 1024K, 3 young (3072K), 3 survivors (3072K)
 Metaspace       used 42743K, committed 43264K, reserved 1114112K
  class space    used 5752K, committed 5952K, reserved 1048576K
}
Event: 13.028 GC heap before
{Heap before GC invocations=9 (full 0):
 garbage-first heap   total 70656K, used 58515K [0x0000000084200000, 0x0000000100000000)
  region size 1024K, 40 young (40960K), 3 survivors (3072K)
 Metaspace       used 54661K, committed 55232K, reserved 1114112K
  class space    used 7416K, committed 7680K, reserved 1048576K
}
Event: 13.033 GC heap after
{Heap after GC invocations=10 (full 0):
 garbage-first heap   total 70656K, used 23009K [0x0000000084200000, 0x0000000100000000)
  region size 1024K, 4 young (4096K), 4 survivors (4096K)
 Metaspace       used 54661K, committed 55232K, reserved 1114112K
  class space    used 7416K, committed 7680K, reserved 1048576K
}
Event: 13.485 GC heap before
{Heap before GC invocations=10 (full 0):
 garbage-first heap   total 70656K, used 42465K [0x0000000084200000, 0x0000000100000000)
  region size 1024K, 25 young (25600K), 4 survivors (4096K)
 Metaspace       used 60181K, committed 60800K, reserved 1114112K
  class space    used 8323K, committed 8640K, reserved 1048576K
}
Event: 13.490 GC heap after
{Heap after GC invocations=11 (full 0):
 garbage-first heap   total 70656K, used 24009K [0x0000000084200000, 0x0000000100000000)
  region size 1024K, 3 young (3072K), 3 survivors (3072K)
 Metaspace       used 60181K, committed 60800K, reserved 1114112K
  class space    used 8323K, committed 8640K, reserved 1048576K
}

